# Startup Sentinel RMS License Manager v8.6.0.0054 Tue May 16 06:17:28 2017  1494926248 Win64 0 3520
2 2 MTg3ODY= Tue May 16 07:06:31 2017  1494929191 SOADevelopment v6.0 0 1 0 SYSTEM Win64 8.6.0.0054 1 - - - - - - 0 - - - MA== 1080001 MTQ5NjAwOTE5Mg==
2 2 MTg3ODY= Tue May 16 07:36:55 2017  1494931015 SolarNativeChecker v1.0 0 1 0 MicroFocus Win64 8.6.0.0054 1 - - - - - - 0 - - - MQ== 1658797 MjczODc5OA==
2 2 MTg3ODY= Tue May 16 07:38:32 2017  1494931112 SolarVisualStudio2010 v1.0 0 1 0 MicroFocus Win64 8.6.0.0054 1 - - - - - - 0 - - - Mg== 280572 MTkzOTM2OQ==
2 2 MTg3ODY= Tue May 16 07:39:49 2017  1494931189 SolarNativeRuntime v1.0 0 1 0 MicroFocus Win64 8.6.0.0054 1 - - - - - - 0 - - - Mw== 4272438 NDU1MzAxMA==
2 2 MTg3ODY= Tue May 16 07:41:10 2017  1494931075 SolarNativeChecker v1.0 2 0 60 MicroFocus Win64 8.6.0.0054 1 - - - - - - 0 - - - NA== 640713 NDkxMzE1MQ==
2 2 MTg3ODY= Tue May 16 12:26:56 2017  1494931489 SolarNativeRuntime v1.0 2 0 300 MicroFocus Win64 8.6.0.0054 1 - - - - - - 0 - - - NQ== 215516 ODU2MjI5
2 2 MTg3ODY= Tue May 16 12:27:04 2017  1494931412 SolarVisualStudio2010 v1.0 2 0 300 MicroFocus Win64 8.6.0.0054 1 - - - - - - 0 - - - Ng== 498958 NzE0NDc0
2 2 MTg3ODY= Tue May 16 13:24:32 2017  1494929491 SOADevelopment v6.0 2 0 300 SYSTEM Win64 8.6.0.0054 1 - - - - - - 0 - - - Nw== 2087537 MjU4NjQ5NQ==
# Shutdown Sentinel RMS License Manager v8.6.0.0054 Tue May 16 13:24:32 2017  1494951872 Win64 3520 OA== 613064
# Startup Sentinel RMS License Manager v8.6.0.0054 Tue May 16 13:35:16 2017  1494952516 Win64 1 1912
2 2 MTg3ODY= Tue May 16 13:35:39 2017  1494952539 SOADevelopment v6.0 0 1 0 SYSTEM Win64 8.6.0.0054 1 - - - - - - 0 - - - MA== 533914 MTQ5NTQ4NjQ1Mw==
2 2 MTg3ODY= Wed May 17 03:54:53 2017  1495004093 SolarVisualStudio2010 v1.0 0 1 0 MicroFocus Win64 8.6.0.0054 1 - - - - - - 0 - - - MQ== 565946 MTA5OTg2MA==
2 2 MTg3ODY= Wed May 17 03:54:53 2017  1495004093 SolarNativeChecker v1.0 0 1 0 MicroFocus Win64 8.6.0.0054 1 - - - - - - 0 - - - Mg== 1880883 MjQ0NjgyOQ==
2 2 MTg3ODY= Wed May 17 03:54:58 2017  1495004098 SolarNativeRuntime v1.0 0 1 0 MicroFocus Win64 8.6.0.0054 1 - - - - - - 0 - - - Mw== 687625 MjU2ODUwOA==
2 2 MTg3ODY= Wed May 17 03:57:14 2017  1495004234 SolarLocalProject v1.0 0 1 0 MicroFocus Win64 8.6.0.0054 1 - - - - - - 0 - - - NA== 1865731 MjU1MzM1Ng==
2 2 MTg3ODY= Wed May 17 03:57:27 2017  1495004247 IMTK-Development v6.0 0 1 0 MicroFocus Win64 8.6.0.0054 1 - - - - - - 0 - - - NQ== 656475 MjUyMjIwNg==
2 2 MTg3ODY= Wed May 17 04:29:41 2017  1495004153 SolarNativeChecker v1.0 2 0 60 MicroFocus Win64 8.6.0.0054 1 - - - - - - 0 - - - Ng== 928055 MTU4NDUzMA==
2 2 MTg3ODY= Wed May 17 04:29:41 2017  1495004398 SolarNativeRuntime v1.0 2 0 300 MicroFocus Win64 8.6.0.0054 1 - - - - - - 0 - - - Nw== 947317 MTg3NTM3Mg==
2 2 MTg3ODY= Wed May 17 04:29:41 2017  1494952839 SOADevelopment v6.0 2 0 300 SYSTEM Win64 8.6.0.0054 1 - - - - - - 0 - - - OA== 256220 MTIwMzUzNw==
2 2 MTg3ODY= Wed May 17 04:29:41 2017  1495004534 SolarLocalProject v1.0 2 0 300 MicroFocus Win64 8.6.0.0054 1 - - - - - - 0 - - - OQ== 668674 OTI0ODk0
2 2 MTg3ODY= Wed May 17 04:29:41 2017  1495004547 IMTK-Development v6.0 2 0 300 MicroFocus Win64 8.6.0.0054 1 - - - - - - 0 - - - MTA= 321246 OTg5OTIw
2 2 MTg3ODY= Wed May 17 04:29:41 2017  1495004393 SolarVisualStudio2010 v1.0 2 0 300 MicroFocus Win64 8.6.0.0054 1 - - - - - - 0 - - - MTE= 963044 MTI4NDI5MA==
# Shutdown Sentinel RMS License Manager v8.6.0.0054 Wed May 17 04:29:41 2017  1495006181 Win64 1912 MTI= 605101
# Startup Sentinel RMS License Manager v8.6.0.0054 Wed May 17 04:30:10 2017  1495006210 Win64 2 1952
2 2 MTg3ODY= Wed May 17 04:30:34 2017  1495006234 SOADevelopment v6.0 0 1 0 SYSTEM Win64 8.6.0.0054 1 - - - - - - 0 - - - MA== 515110 MTQ5NTUyMTM0NA==
2 2 MTg3ODY= Wed May 17 04:33:19 2017  1495006399 SOADevelopment v6.0 2 0 165 SYSTEM Win64 8.6.0.0054 1 - - - - - - 0 - - - MQ== 1519102 MjAzNDIxMg==
# Shutdown Sentinel RMS License Manager v8.6.0.0054 Wed May 17 04:33:19 2017  1495006399 Win64 1952 Mg== 709116
# Startup Sentinel RMS License Manager v8.6.0.0054 Wed May 17 04:33:45 2017  1495006425 Win64 3 1400
2 2 MTg3ODY= Wed May 17 04:34:09 2017  1495006449 SOADevelopment v6.0 0 1 0 SYSTEM Win64 8.6.0.0054 1 - - - - - - 0 - - - MA== 550553 MTQ5NTU1NzAwMg==
2 2 MTg3ODY= Wed May 17 04:51:51 2017  1495006749 SOADevelopment v6.0 2 0 300 SYSTEM Win64 8.6.0.0054 1 - - - - - - 0 - - - MQ== 157493 NzA4MDQ2
# Shutdown Sentinel RMS License Manager v8.6.0.0054 Wed May 17 04:51:51 2017  1495007511 Win64 1400 Mg== 138876
# Startup Sentinel RMS License Manager v8.6.0.0054 Wed May 17 04:52:17 2017  1495007537 Win64 4 1740
2 2 MTg3ODY= Wed May 17 04:52:41 2017  1495007561 SOADevelopment v6.0 0 1 0 SYSTEM Win64 8.6.0.0054 1 - - - - - - 0 - - - MA== 493717 MTQ5NTUwMTI3OA==
2 2 MTg3ODY= Wed May 17 05:27:09 2017  1495009629 SolarLocalProject v1.0 0 1 0 MicroFocus Win64 8.6.0.0054 1 - - - - - - 0 - - - MQ== 191520 Njg1MjM3
2 2 MTg3ODY= Wed May 17 05:27:09 2017  1495009629 SolarNativeChecker v1.0 0 1 0 MicroFocus Win64 8.6.0.0054 1 - - - - - - 0 - - - Mg== 837554 MTAyOTA3NA==
2 2 MTg3ODY= Wed May 17 05:27:09 2017  1495009629 SolarNativeRuntime v1.0 0 1 0 MicroFocus Win64 8.6.0.0054 1 - - - - - - 0 - - - Mw== 334497 MTE3MjA1MQ==
2 2 MTg3ODY= Wed May 17 05:27:17 2017  1495009637 IMTK-Development v6.0 0 1 0 MicroFocus Win64 8.6.0.0054 1 - - - - - - 0 - - - NA== 1015889 MTM1MDM4Ng==
2 2 MTg3ODY= Wed May 17 09:33:45 2017  1495009689 SolarNativeChecker v1.0 2 0 60 MicroFocus Win64 8.6.0.0054 1 - - - - - - 0 - - - NQ== 1502887 MjUxODc3Ng==
2 2 MTg3ODY= Wed May 17 09:33:46 2017  1495024426 SolarVisualStudio2010 v1.0 0 1 0 MicroFocus Win64 8.6.0.0054 1 - - - - - - 0 - - - Ng== 1045437 MjU0ODMyNA==
2 2 MTg3ODY= Wed May 17 09:33:46 2017  1495009929 SolarNativeRuntime v1.0 2 0 300 MicroFocus Win64 8.6.0.0054 1 - - - - - - 0 - - - Nw== 2276078 MzMyMTUxNQ==
2 2 MTg3ODY= Wed May 17 13:10:20 2017  1495009929 SolarLocalProject v1.0 2 0 300 MicroFocus Win64 8.6.0.0054 1 - - - - - - 0 - - - OA== 674891 Mjk1MDk2OQ==
2 2 MTg3ODY= Thu May 18 08:16:19 2017  1495024726 SolarVisualStudio2010 v1.0 2 0 300 MicroFocus Win64 8.6.0.0054 1 - - - - - - 0 - - - OQ== 876080 MTU1MDk3MQ==
2 2 MTg3ODY= Wed Apr 11 14:58:37 2018  1495009937 IMTK-Development v6.0 2 0 300 MicroFocus Win64 8.6.0.0054 1 - - - - - - 0 - - - MTA= 1197393 MjA3MzQ3Mw==
2 2 MTg3ODY= Wed Apr 11 14:58:38 2018  1495007861 SOADevelopment v6.0 2 0 300 SYSTEM Win64 8.6.0.0054 1 - - - - - - 0 - - - MTE= 184474 MTM4MTg2Nw==
# Startup Sentinel RMS License Manager v8.6.0.0054 Wed Apr 11 15:43:56 2018  1523472236 Win64 5 1204
2 2 MTg3ODY= Wed Apr 11 15:44:18 2018  1523472258 SOADevelopment v6.0 0 1 0 SYSTEM Win64 8.6.0.0054 1 - - - - - - 0 - - - MA== 327309 MTUyMzc5OTU2Nw==
2 2 MTg3ODY= Wed Apr 11 15:46:44 2018  1523472404 SolarLocalProject v1.0 0 1 0 MicroFocus Win64 8.6.0.0054 1 - - - - - - 0 - - - MQ== 3629685 Mzk1Njk5NA==
2 2 MTg3ODY= Wed Apr 11 15:46:44 2018  1523472404 SolarNativeChecker v1.0 0 1 0 MicroFocus Win64 8.6.0.0054 1 - - - - - - 0 - - - Mg== 625094 NDI1NDc3OQ==
2 2 MTg3ODY= Wed Apr 11 15:46:44 2018  1523472404 SolarNativeRuntime v1.0 0 1 0 MicroFocus Win64 8.6.0.0054 1 - - - - - - 0 - - - Mw== 4313401 NDkzODQ5NQ==
2 2 MTg3ODY= Wed Apr 11 15:46:53 2018  1523472413 IMTK-Development v6.0 0 1 0 MicroFocus Win64 8.6.0.0054 1 - - - - - - 0 - - - NA== 671241 NDk4NDY0Mg==
2 2 MTg3ODY= Wed Apr 11 16:20:17 2018  1523472464 SolarNativeChecker v1.0 2 0 60 MicroFocus Win64 8.6.0.0054 1 - - - - - - 0 - - - NQ== 211997 ODgzMjM4
2 2 MTg3ODY= Wed Apr 11 16:20:17 2018  1523472704 SolarNativeRuntime v1.0 2 0 300 MicroFocus Win64 8.6.0.0054 1 - - - - - - 0 - - - Ng== 1437400 MTY0OTM5Nw==
2 2 MTg3ODY= Wed Apr 11 16:20:17 2018  1523472558 SOADevelopment v6.0 2 0 300 SYSTEM Win64 8.6.0.0054 1 - - - - - - 0 - - - Nw== 786650 MjIyNDA1MA==
2 2 MTg3ODY= Wed Apr 11 16:20:17 2018  1523472704 SolarLocalProject v1.0 2 0 300 MicroFocus Win64 8.6.0.0054 1 - - - - - - 0 - - - OA== 2320231 MzEwNjg4MQ==
2 2 MTg3ODY= Wed Apr 11 16:20:17 2018  1523472713 IMTK-Development v6.0 2 0 300 MicroFocus Win64 8.6.0.0054 1 - - - - - - 0 - - - OQ== 416446 MjczNjY3Nw==
# Shutdown Sentinel RMS License Manager v8.6.0.0054 Wed Apr 11 16:20:17 2018  1523474417 Win64 1204 MTA= 478522
# Startup Sentinel RMS License Manager v8.6.0.0054 Fri Apr 26 05:06:29 2019  1556265989 Win64 6 1652
2 2 MTg3ODY= Fri Apr 26 05:06:54 2019  1556266014 SOADevelopment v6.0 0 1 0 SYSTEM Win64 8.6.0.0054 1 - - - - - - 0 - - - MA== 582030 MTU1Njg0ODA0NA==
2 2 MTg3ODY= Fri Apr 26 05:08:36 2019  1556266116 SOADevelopment v6.0 2 0 102 SYSTEM Win64 8.6.0.0054 1 - - - - - - 0 - - - MQ== 157755 NzM5Nzg1
# Shutdown Sentinel RMS License Manager v8.6.0.0054 Fri Apr 26 05:08:36 2019  1556266116 Win64 1652 Mg== 189839
# Startup Sentinel RMS License Manager v8.6.0.0054 Fri Apr 26 05:09:12 2019  1556266152 Win64 7 1692
2 2 MTg3ODY= Fri Apr 26 05:09:36 2019  1556266176 SOADevelopment v6.0 0 1 0 SYSTEM Win64 8.6.0.0054 1 - - - - - - 0 - - - MA== 518064 MTU1Njc4NDI0MA==
2 2 MTg3ODY= Fri Apr 26 05:24:29 2019  1556267069 SolarNativeRuntime v1.0 0 1 0 MicroFocus Win64 8.6.0.0054 1 - - - - - - 0 - - - MQ== 897583 MTQxNTY0Nw==
2 2 MTg3ODY= Fri Apr 26 05:27:38 2019  1556267258 SolarNativeChecker v1.0 0 1 0 MicroFocus Win64 8.6.0.0054 1 - - - - - - 0 - - - Mg== 338497 MTIzNjA4MA==
